mode: set
github.com\corytodd\accesstoken-go\accesstoken.go:31.61,40.2 2 1
github.com\corytodd\accesstoken-go\accesstoken.go:43.45,45.2 1 1
github.com\corytodd\accesstoken-go\accesstoken.go:49.74,51.22 1 1
github.com\corytodd\accesstoken-go\accesstoken.go:55.2,60.23 4 1
github.com\corytodd\accesstoken-go\accesstoken.go:74.2,81.20 6 1
github.com\corytodd\accesstoken-go\accesstoken.go:86.2,86.48 1 1
github.com\corytodd\accesstoken-go\accesstoken.go:51.22,53.3 1 0
github.com\corytodd\accesstoken-go\accesstoken.go:60.23,64.29 2 1
github.com\corytodd\accesstoken-go\accesstoken.go:68.3,68.34 1 1
github.com\corytodd\accesstoken-go\accesstoken.go:64.29,66.4 1 1
github.com\corytodd\accesstoken-go\accesstoken.go:68.34,70.4 1 1
github.com\corytodd\accesstoken-go\accesstoken.go:81.20,83.3 1 0
github.com\corytodd\accesstoken-go\doc.go:3.19,5.2 1 0
github.com\corytodd\accesstoken-go\grant.go:23.109,30.2 1 0
github.com\corytodd\accesstoken-go\grant.go:32.61,36.27 2 0
github.com\corytodd\accesstoken-go\grant.go:39.2,39.27 1 0
github.com\corytodd\accesstoken-go\grant.go:42.2,42.34 1 0
github.com\corytodd\accesstoken-go\grant.go:45.2,45.34 1 0
github.com\corytodd\accesstoken-go\grant.go:49.2,49.14 1 0
github.com\corytodd\accesstoken-go\grant.go:36.27,38.3 1 0
github.com\corytodd\accesstoken-go\grant.go:39.27,41.3 1 0
github.com\corytodd\accesstoken-go\grant.go:42.34,44.3 1 0
github.com\corytodd\accesstoken-go\grant.go:45.34,47.3 1 0
github.com\corytodd\accesstoken-go\grant.go:52.39,54.2 1 0
github.com\corytodd\accesstoken-go\grant.go:61.60,63.2 1 1
github.com\corytodd\accesstoken-go\grant.go:65.65,67.40 1 1
github.com\corytodd\accesstoken-go\grant.go:71.2,71.37 1 0
github.com\corytodd\accesstoken-go\grant.go:67.40,69.3 1 1
github.com\corytodd\accesstoken-go\grant.go:74.43,76.2 1 1
